2019-06-16 08:26:33.241 INFO  (main) [   ] o.e.j.u.log Logging initialized @2512ms to org.eclipse.jetty.util.log.Slf4jLog
2019-06-16 08:26:33.420 WARN  (main) [   ] o.e.j.s.AbstractConnector Ignoring deprecated socket close linger time
2019-06-16 08:26:33.427 INFO  (main) [   ] o.e.j.s.Server jetty-9.4.14.v20181114; built: 2018-11-14T21:20:31.478Z; git: c4550056e785fb5665914545889f21dc136ad9e6; jvm 1.8.0_191-b12
2019-06-16 08:26:33.469 INFO  (main) [   ] o.e.j.d.p.ScanningAppProvider Deployment monitor [file:///D:/workspace/IntelliJ%20IDEA/solr-8.0.0/solr/server/contexts/] at interval 0
2019-06-16 08:26:34.455 INFO  (main) [   ] o.e.j.w.StandardDescriptorProcessor NO JSP Support for /solr, did not find org.apache.jasper.servlet.JspServlet
2019-06-16 08:26:34.467 INFO  (main) [   ] o.e.j.s.session DefaultSessionIdManager workerName=node0
2019-06-16 08:26:34.467 INFO  (main) [   ] o.e.j.s.session No SessionScavenger set, using defaults
2019-06-16 08:26:34.469 INFO  (main) [   ] o.e.j.s.session node0 Scavenging every 660000ms
2019-06-16 08:26:34.517 INFO  (main) [   ] o.a.s.u.c.SSLCredentialProviderFactory Processing SSL Credential Provider chain: env;sysprop
2019-06-16 08:26:34.545 INFO  (main) [   ] o.a.s.s.SolrDispatchFilter Using logger factory org.apache.logging.slf4j.Log4jLoggerFactory
2019-06-16 08:26:34.549 INFO  (main) [   ] o.a.s.s.SolrDispatchFilter  ___      _       Welcome to Apache Solr? version 8.0.0-SNAPSHOT unknown - 萌萌哒的盼囡 - 2019-05-10 22:42:33
2019-06-16 08:26:34.550 INFO  (main) [   ] o.a.s.s.SolrDispatchFilter / __| ___| |_ _   Starting in standalone mode on port 8983
2019-06-16 08:26:34.550 INFO  (main) [   ] o.a.s.s.SolrDispatchFilter \__ \/ _ \ | '_|  Install dir: D:\workspace\IntelliJ IDEA\solr-8.0.0\solr
2019-06-16 08:26:34.551 INFO  (main) [   ] o.a.s.s.SolrDispatchFilter |___/\___/_|_|    Start time: 2019-06-16T08:26:34.551Z
2019-06-16 08:26:34.572 INFO  (main) [   ] o.a.s.c.SolrResourceLoader Using system property solr.solr.home: D:\workspace\IntelliJ IDEA\solr-8.0.0\solr_home
2019-06-16 08:26:34.578 INFO  (main) [   ] o.a.s.c.SolrXmlConfig Loading container configuration from D:\workspace\IntelliJ IDEA\solr-8.0.0\solr_home\solr.xml
2019-06-16 08:26:34.637 INFO  (main) [   ] o.a.s.c.SolrXmlConfig MBean server found: com.sun.jmx.mbeanserver.JmxMBeanServer@5c7933ad, but no JMX reporters were configured - adding default JMX reporter.
2019-06-16 08:26:35.315 INFO  (main) [   ] o.a.s.h.c.HttpShardHandlerFactory Host whitelist initialized: WhitelistHostChecker [whitelistHosts=null, whitelistHostCheckingEnabled=true]
2019-06-16 08:26:35.748 WARN  (main) [   ] o.e.j.u.s.S.config No Client EndPointIdentificationAlgorithm configured for SslContextFactory@5bb7643d[provider=null,keyStore=null,trustStore=null]
2019-06-16 08:26:35.870 WARN  (main) [   ] o.e.j.u.s.S.config No Client EndPointIdentificationAlgorithm configured for SslContextFactory@70e889e9[provider=null,keyStore=null,trustStore=null]
2019-06-16 08:26:36.043 INFO  (main) [   ] o.a.s.c.TransientSolrCoreCacheDefault Allocating transient cache for 2147483647 transient cores
2019-06-16 08:26:36.044 INFO  (main) [   ] o.a.s.h.a.MetricsHistoryHandler No .system collection, keeping metrics history in memory.
2019-06-16 08:26:36.151 INFO  (main) [   ] o.a.s.m.r.SolrJmxReporter JMX monitoring for 'solr.node' (registry 'solr.node') enabled at server: com.sun.jmx.mbeanserver.JmxMBeanServer@5c7933ad
2019-06-16 08:26:36.153 INFO  (main) [   ] o.a.s.m.r.SolrJmxReporter JMX monitoring for 'solr.jvm' (registry 'solr.jvm') enabled at server: com.sun.jmx.mbeanserver.JmxMBeanServer@5c7933ad
2019-06-16 08:26:36.167 INFO  (main) [   ] o.a.s.m.r.SolrJmxReporter JMX monitoring for 'solr.jetty' (registry 'solr.jetty') enabled at server: com.sun.jmx.mbeanserver.JmxMBeanServer@5c7933ad
2019-06-16 08:26:36.212 INFO  (main) [   ] o.a.s.c.CorePropertiesLocator Found 1 core definitions underneath D:\workspace\IntelliJ IDEA\solr-8.0.0\solr_home
2019-06-16 08:26:36.213 INFO  (main) [   ] o.a.s.c.CorePropertiesLocator Cores are: [db_item]
2019-06-16 08:26:36.410 INFO  (coreLoadExecutor-9-thread-1) [   x:db_item] o.a.s.c.SolrResourceLoader [db_item] Added 54 libs to classloader, from paths: [/D:/workspace/IntelliJ%20IDEA/solr-8.0.0/solr/contrib/aha/lib, /D:/workspace/IntelliJ%20IDEA/solr-8.0.0/solr/contrib/extraction/lib, /D:/workspace/IntelliJ%20IDEA/solr-8.0.0/solr/contrib/langid/lib, /D:/workspace/IntelliJ%20IDEA/solr-8.0.0/solr/contrib/velocity/lib, /D:/workspace/IntelliJ%20IDEA/solr-8.0.0/solr/dist]
2019-06-16 08:26:36.625 INFO  (coreLoadExecutor-9-thread-1) [   x:db_item] o.a.s.u.SolrIndexConfig IndexWriter infoStream solr logging is enabled
2019-06-16 08:26:36.628 INFO  (coreLoadExecutor-9-thread-1) [   x:db_item] o.a.s.c.SolrConfig Using Lucene MatchVersion: 8.0.0
2019-06-16 08:26:36.768 INFO  (coreLoadExecutor-9-thread-1) [   x:db_item] o.a.s.s.IndexSchema [db_item] Schema name=example-DIH-db
2019-06-16 08:26:37.111 WARN  (coreLoadExecutor-9-thread-1) [   x:db_item] o.a.s.c.SolrResourceLoader Solr loaded a deprecated plugin/analysis class [solr.LatLonType]. Please consult documentation how to replace it accordingly.
2019-06-16 08:26:37.534 INFO  (main) [   ] o.e.j.s.h.ContextHandler Started o.e.j.w.WebAppContext@340b9973{/solr,file:///D:/workspace/IntelliJ%20IDEA/solr-8.0.0/solr/server/solr-webapp/webapp/,AVAILABLE}{D:\workspace\IntelliJ IDEA\solr-8.0.0\solr\server/solr-webapp/webapp}
2019-06-16 08:26:37.547 INFO  (main) [   ] o.e.j.s.AbstractConnector Started ServerConnector@14ef2482{HTTP/1.1,[http/1.1, h2c]}{0.0.0.0:8983}
2019-06-16 08:26:37.551 INFO  (main) [   ] o.e.j.s.Server Started @6823ms
2019-06-16 08:26:37.569 INFO  (coreLoadExecutor-9-thread-1) [   x:db_item] o.a.s.s.IndexSchema Loaded schema example-DIH-db/1.6 with uniqueid field id
2019-06-16 08:26:37.629 INFO  (coreLoadExecutor-9-thread-1) [   x:db_item] o.a.s.c.CoreContainer Creating SolrCore 'db_item' using configuration from instancedir D:\workspace\IntelliJ IDEA\solr-8.0.0\solr_home\db_item, trusted=true
2019-06-16 08:26:37.685 INFO  (coreLoadExecutor-9-thread-1) [   x:db_item] o.a.s.m.r.SolrJmxReporter JMX monitoring for 'solr.core.db_item' (registry 'solr.core.db_item') enabled at server: com.sun.jmx.mbeanserver.JmxMBeanServer@5c7933ad
2019-06-16 08:26:37.709 INFO  (coreLoadExecutor-9-thread-1) [   x:db_item] o.a.s.c.SolrCore [[db_item] ] Opening new SolrCore at [D:\workspace\IntelliJ IDEA\solr-8.0.0\solr_home\db_item], dataDir=[D:\workspace\IntelliJ IDEA\solr-8.0.0\solr_home\db_item\data\]
2019-06-16 08:26:37.758 INFO  (coreLoadExecutor-9-thread-1) [   x:db_item] o.a.s.r.XSLTResponseWriter xsltCacheLifetimeSeconds=5
2019-06-16 08:26:38.205 INFO  (coreLoadExecutor-9-thread-1) [   x:db_item] o.a.s.u.UpdateHandler Using UpdateLog implementation: org.apache.solr.update.UpdateLog
2019-06-16 08:26:38.205 INFO  (coreLoadExecutor-9-thread-1) [   x:db_item] o.a.s.u.UpdateLog Initializing UpdateLog: dataDir= defaultSyncLevel=FLUSH numRecordsToKeep=100 maxNumLogsToKeep=10 numVersionBuckets=65536
2019-06-16 08:26:38.226 INFO  (coreLoadExecutor-9-thread-1) [   x:db_item] o.a.s.u.CommitTracker Hard AutoCommit: if uncommitted for 15000ms; 
2019-06-16 08:26:38.226 INFO  (coreLoadExecutor-9-thread-1) [   x:db_item] o.a.s.u.CommitTracker Soft AutoCommit: disabled
2019-06-16 08:26:38.359 INFO  (coreLoadExecutor-9-thread-1) [   x:db_item] o.a.s.s.SolrIndexSearcher Opening [Searcher@47edb45f[db_item] main]
2019-06-16 08:26:38.382 INFO  (coreLoadExecutor-9-thread-1) [   x:db_item] o.a.s.r.ManagedResourceStorage File-based storage initialized to use dir: D:\workspace\IntelliJ IDEA\solr-8.0.0\solr_home\db_item\conf
2019-06-16 08:26:38.417 INFO  (coreLoadExecutor-9-thread-1) [   x:db_item] o.a.s.h.c.SpellCheckComponent Initializing spell checkers
2019-06-16 08:26:38.435 INFO  (coreLoadExecutor-9-thread-1) [   x:db_item] o.a.s.s.DirectSolrSpellChecker init: {name=default,field=text,classname=solr.DirectSolrSpellChecker,distanceMeasure=internal,accuracy=0.5,maxEdits=2,minPrefix=1,maxInspections=5,minQueryLength=4,maxQueryFrequency=0.01}
2019-06-16 08:26:38.447 INFO  (coreLoadExecutor-9-thread-1) [   x:db_item] o.a.s.h.c.SuggestComponent Initializing SuggestComponent
2019-06-16 08:26:38.451 INFO  (coreLoadExecutor-9-thread-1) [   x:db_item] o.a.s.s.s.SolrSuggester init: {name=mySuggester,lookupImpl=FuzzyLookupFactory,dictionaryImpl=DocumentDictionaryFactory,field=cat,weightField=price,suggestAnalyzerFieldType=string}
2019-06-16 08:26:38.469 INFO  (coreLoadExecutor-9-thread-1) [   x:db_item] o.a.s.s.s.SolrSuggester Dictionary loaded with params: {name=mySuggester,lookupImpl=FuzzyLookupFactory,dictionaryImpl=DocumentDictionaryFactory,field=cat,weightField=price,suggestAnalyzerFieldType=string}
2019-06-16 08:26:38.470 INFO  (coreLoadExecutor-9-thread-1) [   x:db_item] o.a.s.h.c.SuggestComponent Registering searcher listener for suggester: mySuggester - SuggesterListener [core=org.apache.solr.core.SolrCore@16306de0, suggester=SolrSuggester [ name=mySuggester, sourceLocation=null, storeDir=, lookupImpl=FuzzyLookupFactory, dictionaryImpl=DocumentDictionaryFactory, sizeInBytes=0 ], buildOnCommit=false, buildOnOptimize=false, buildOnStartup=true, isCoreReload=false]
2019-06-16 08:26:38.471 INFO  (coreLoadExecutor-9-thread-1) [   x:db_item] o.a.s.h.c.QueryElevationComponent Loading QueryElevation from: D:\workspace\IntelliJ IDEA\solr-8.0.0\solr_home\db_item\conf\elevate.xml
2019-06-16 08:26:38.485 INFO  (coreLoadExecutor-9-thread-1) [   x:db_item] o.a.s.h.ReplicationHandler Commits will be reserved for 10000ms.
2019-06-16 08:26:38.506 INFO  (searcherExecutor-10-thread-1-processing-x:db_item) [   x:db_item] o.a.s.c.QuerySenderListener QuerySenderListener sending requests to Searcher@47edb45f[db_item] main{ExitableDirectoryReader(UninvertingDirectoryReader())}
2019-06-16 08:26:38.592 INFO  (searcherExecutor-10-thread-1-processing-x:db_item) [   x:db_item] o.a.s.c.S.Request [db_item]  webapp=null path=null params={q=static+firstSearcher+warming+in+solrconfig.xml&distrib=false&event=firstSearcher} hits=0 status=0 QTime=84
2019-06-16 08:26:38.593 INFO  (searcherExecutor-10-thread-1-processing-x:db_item) [   x:db_item] o.a.s.c.QuerySenderListener QuerySenderListener done.
2019-06-16 08:26:38.593 INFO  (searcherExecutor-10-thread-1-processing-x:db_item) [   x:db_item] o.a.s.h.c.SpellCheckComponent Loading spell index for spellchecker: default
2019-06-16 08:26:38.593 INFO  (searcherExecutor-10-thread-1-processing-x:db_item) [   x:db_item] o.a.s.h.c.SpellCheckComponent Loading spell index for spellchecker: wordbreak
2019-06-16 08:26:38.593 INFO  (searcherExecutor-10-thread-1-processing-x:db_item) [   x:db_item] o.a.s.h.c.SuggestComponent buildOnStartup: mySuggester
2019-06-16 08:26:38.594 INFO  (searcherExecutor-10-thread-1-processing-x:db_item) [   x:db_item] o.a.s.s.s.SolrSuggester SolrSuggester.build(mySuggester)
2019-06-16 08:26:38.631 INFO  (searcherExecutor-10-thread-1-processing-x:db_item) [   x:db_item] o.a.s.c.SolrCore [db_item] Registered new searcher Searcher@47edb45f[db_item] main{ExitableDirectoryReader(UninvertingDirectoryReader())}
2019-06-16 08:26:39.630 INFO  (qtp238816832-18) [   ] o.a.s.s.HttpSolrCall [admin] webapp=null path=/admin/cores params={indexInfo=false&wt=json&_=1560673599460} status=0 QTime=1
2019-06-16 08:26:39.636 INFO  (qtp238816832-22) [   ] o.a.s.s.HttpSolrCall [admin] webapp=null path=/admin/info/logging params={wt=json&_=1560673599620&since=0} status=0 QTime=2
2019-06-16 08:26:39.679 INFO  (qtp238816832-17) [   ] o.a.s.s.HttpSolrCall [admin] webapp=null path=/admin/info/system params={wt=json&_=1560673599460} status=0 QTime=50
2019-06-16 08:26:41.504 INFO  (qtp238816832-22) [   x:db_item] o.a.s.c.S.Request [db_item]  webapp=/solr path=/admin/luke params={numTerms=0&show=index&wt=json&_=1560673601468} status=0 QTime=10
2019-06-16 08:26:41.517 INFO  (qtp238816832-23) [   x:db_item] o.a.s.c.S.Request [db_item]  webapp=/solr path=/replication params={wt=json&command=details&_=1560673601468} status=0 QTime=7
2019-06-16 08:26:41.528 INFO  (qtp238816832-24) [   x:db_item] o.a.s.c.S.Request [db_item]  webapp=/solr path=/admin/ping params={action=status&wt=json&_=1560673599461&ts=1560673599461} status=503 QTime=3
2019-06-16 08:26:41.589 INFO  (qtp238816832-26) [   ] o.a.s.s.HttpSolrCall [admin] webapp=null path=/admin/cores params={indexInfo=false&wt=json&_=1560673599460} status=0 QTime=1
2019-06-16 08:26:41.725 INFO  (qtp238816832-25) [   x:db_item] o.a.s.c.S.Request [db_item]  webapp=/solr path=/admin/system params={wt=json&_=1560673601468} status=0 QTime=206
2019-06-16 08:26:41.726 INFO  (qtp238816832-21) [   ] o.a.s.s.HttpSolrCall [admin] webapp=null path=/admin/info/system params={wt=json&_=1560673599460} status=0 QTime=135
2019-06-16 08:26:42.646 INFO  (qtp238816832-23) [   ] o.a.s.s.HttpSolrCall [admin] webapp=null path=/admin/cores params={indexInfo=false&wt=json&_=1560673599460} status=0 QTime=0
2019-06-16 08:26:42.653 INFO  (qtp238816832-26) [   x:db_item] o.a.s.c.S.Request [db_item]  webapp=/solr path=/admin/mbeans params={cat=QUERY&wt=json&_=1560673602619} status=0 QTime=1
2019-06-16 08:26:42.693 INFO  (qtp238816832-24) [   ] o.a.s.s.HttpSolrCall [admin] webapp=null path=/admin/info/system params={wt=json&_=1560673599460} status=0 QTime=44
2019-06-16 08:26:42.702 INFO  (qtp238816832-22) [   ] o.a.s.s.HttpSolrCall [admin] webapp=null path=/admin/cores params={indexInfo=false&wt=json&_=1560673599460} status=0 QTime=0
2019-06-16 08:26:42.706 INFO  (qtp238816832-24) [   x:db_item] o.a.s.c.S.Request [db_item]  webapp=/solr path=/admin/mbeans params={cat=QUERY&wt=json&_=1560673602619} status=0 QTime=0
2019-06-16 08:26:42.722 INFO  (qtp238816832-22) [   x:db_item] o.a.s.c.S.Request [db_item]  webapp=/solr path=/dataimport params={indent=on&wt=json&command=show-config&_=1560673602619} status=0 QTime=10
2019-06-16 08:26:42.750 INFO  (qtp238816832-25) [   ] o.a.s.s.HttpSolrCall [admin] webapp=null path=/admin/info/system params={wt=json&_=1560673599460} status=0 QTime=46
2019-06-16 08:26:42.775 INFO  (qtp238816832-24) [   x:db_item] o.a.s.c.S.Request [db_item]  webapp=/solr path=/dataimport params={indent=on&wt=json&command=status&_=1560673602619} status=0 QTime=0
2019-06-16 08:26:44.761 INFO  (qtp238816832-25) [   x:db_item] o.a.s.c.S.Request [db_item]  webapp=/solr path=/dataimport params={indent=on&wt=json&command=status&_=1560673602619} status=0 QTime=0
2019-06-16 08:26:45.146 INFO  (qtp238816832-24) [   x:db_item] o.a.s.h.d.DataImporter Loading DIH Configuration: db-data-config.xml
2019-06-16 08:26:45.152 INFO  (qtp238816832-24) [   x:db_item] o.a.s.h.d.c.DIHConfiguration id is a required field in SolrSchema . But not found in DataConfig
2019-06-16 08:26:45.153 INFO  (qtp238816832-24) [   x:db_item] o.a.s.h.d.DataImporter Data Configuration loaded successfully
2019-06-16 08:26:45.163 INFO  (qtp238816832-24) [   x:db_item] o.a.s.c.S.Request [db_item]  webapp=/solr path=/dataimport params={core=db_item&indent=on&commit=true&name=dataimport&clean=false&wt=json&command=full-import&_=1560673602619&verbose=false} status=0 QTime=18
2019-06-16 08:26:45.163 INFO  (Thread-14) [   ] o.a.s.h.d.DataImporter Starting Full Import
2019-06-16 08:26:45.168 INFO  (qtp238816832-25) [   x:db_item] o.a.s.c.S.Request [db_item]  webapp=/solr path=/dataimport params={indent=on&wt=json&command=status&_=1560673602619} status=0 QTime=0
2019-06-16 08:26:45.188 WARN  (Thread-14) [   ] o.a.s.h.d.SimplePropertiesWriter Unable to read: dataimport.properties
2019-06-16 08:26:45.263 INFO  (Thread-14) [   ] o.a.s.h.d.JdbcDataSource Creating a connection for entity item with URL: jdbc:mysql://localhost:3306/solr?useSSL=false&serverTimezone=UTC
2019-06-16 08:26:45.731 INFO  (Thread-14) [   ] o.a.s.h.d.JdbcDataSource Time taken for getConnection(): 465
2019-06-16 08:26:45.855 INFO  (Thread-14) [   ] o.a.s.h.d.DocBuilder Import completed successfully
2019-06-16 08:26:45.856 INFO  (Thread-14) [   ] o.a.s.u.DirectUpdateHandler2 start commit{_version_=1636484886934061056,optimize=false,openSearcher=true,waitSearcher=true,expungeDeletes=false,softCommit=false,prepareCommit=false}
2019-06-16 08:26:45.856 INFO  (Thread-14) [   ] o.a.s.u.SolrIndexWriter Calling setCommitData with IW:org.apache.solr.update.SolrIndexWriter@6c46f9c8 commitCommandVersion:1636484886934061056
2019-06-16 08:26:46.151 INFO  (Thread-14) [   ] o.a.s.s.SolrIndexSearcher Opening [Searcher@32f4c69e[db_item] main]
2019-06-16 08:26:46.154 INFO  (searcherExecutor-10-thread-1) [   ] o.a.s.c.QuerySenderListener QuerySenderListener sending requests to Searcher@32f4c69e[db_item] main{ExitableDirectoryReader(UninvertingDirectoryReader(Uninverting(_0(8.0.0):C17/1:[diagnostics={os=Windows 10, java.vendor=Oracle Corporation, java.version=1.8.0_191, java.vm.version=25.191-b12, lucene.version=8.0.0, os.arch=amd64, java.runtime.version=1.8.0_191-b12, source=flush, os.version=10.0, timestamp=1560673605939}]:[attributes={Lucene50StoredFieldsFormat.mode=BEST_SPEED}]:delGen=1)))}
2019-06-16 08:26:46.154 INFO  (Thread-14) [   ] o.a.s.u.DirectUpdateHandler2 end_commit_flush
2019-06-16 08:26:46.154 INFO  (searcherExecutor-10-thread-1) [   ] o.a.s.c.QuerySenderListener QuerySenderListener done.
2019-06-16 08:26:46.163 INFO  (searcherExecutor-10-thread-1) [   ] o.a.s.c.SolrCore [db_item] Registered new searcher Searcher@32f4c69e[db_item] main{ExitableDirectoryReader(UninvertingDirectoryReader(Uninverting(_0(8.0.0):C17/1:[diagnostics={os=Windows 10, java.vendor=Oracle Corporation, java.version=1.8.0_191, java.vm.version=25.191-b12, lucene.version=8.0.0, os.arch=amd64, java.runtime.version=1.8.0_191-b12, source=flush, os.version=10.0, timestamp=1560673605939}]:[attributes={Lucene50StoredFieldsFormat.mode=BEST_SPEED}]:delGen=1)))}
2019-06-16 08:26:46.172 WARN  (Thread-14) [   ] o.a.s.h.d.SimplePropertiesWriter Unable to read: dataimport.properties
2019-06-16 08:26:46.173 INFO  (Thread-14) [   ] o.a.s.h.d.SimplePropertiesWriter Wrote last indexed time to dataimport.properties
2019-06-16 08:26:46.177 INFO  (Thread-14) [   ] o.a.s.h.d.DocBuilder Time taken = 0:0:0.989
2019-06-16 08:26:46.177 INFO  (Thread-14) [   ] o.a.s.u.p.LogUpdateProcessorFactory [db_item]  webapp=/solr path=/dataimport params={core=db_item&indent=on&commit=true&name=dataimport&clean=false&wt=json&command=full-import&_=1560673602619&verbose=false} status=0 QTime=18{add=[6H500F0 (1636484886830252032), 6H500F0 (1636484886892118016), F8V7067-APL-KIT (1636484886893166592), IW-02 (1636484886894215168), MA147LL/A (1636484886895263744), TWINX2048-3200PRO (1636484886908895232), VS1GB400C3 (1636484886910992384), VDBDB1A16 (1636484886920429568), 3007WFP (1636484886924623872), VA902B (1636484886925672448), ... (17 adds)],commit=} 0 1033
2019-06-16 08:26:46.785 INFO  (qtp238816832-24) [   x:db_item] o.a.s.c.S.Request [db_item]  webapp=/solr path=/dataimport params={indent=on&wt=json&command=status&_=1560673602619} status=0 QTime=0
2019-06-16 08:26:48.761 INFO  (qtp238816832-25) [   x:db_item] o.a.s.c.S.Request [db_item]  webapp=/solr path=/dataimport params={indent=on&wt=json&command=status&_=1560673602619} status=0 QTime=0
2019-06-16 08:26:49.053 INFO  (qtp238816832-24) [   ] o.a.s.s.HttpSolrCall [admin] webapp=null path=/admin/cores params={indexInfo=false&wt=json&_=1560673599460} status=0 QTime=0
2019-06-16 08:26:49.056 INFO  (qtp238816832-25) [   ] o.a.s.s.HttpSolrCall [admin] webapp=null path=/admin/info/logging params={wt=json&_=1560673599620&since=0} status=0 QTime=0
2019-06-16 08:26:49.094 INFO  (qtp238816832-26) [   ] o.a.s.s.HttpSolrCall [admin] webapp=null path=/admin/info/system params={wt=json&_=1560673599460} status=0 QTime=38
2019-06-16 08:26:50.826 INFO  (qtp238816832-22) [   ] o.a.s.s.HttpSolrCall [admin] webapp=null path=/admin/cores params={indexInfo=false&wt=json&_=1560673599460} status=0 QTime=0
2019-06-16 08:26:50.834 INFO  (qtp238816832-23) [   x:db_item] o.a.s.c.S.Request [db_item]  webapp=/solr path=/replication params={wt=json&command=details&_=1560673601468} status=0 QTime=1
2019-06-16 08:26:50.838 INFO  (qtp238816832-26) [   x:db_item] o.a.s.c.S.Request [db_item]  webapp=/solr path=/admin/ping params={action=status&wt=json&_=1560673599461&ts=1560673599461} status=503 QTime=1
2019-06-16 08:26:50.869 INFO  (qtp238816832-24) [   x:db_item] o.a.s.c.S.Request [db_item]  webapp=/solr path=/admin/luke params={numTerms=0&show=index&wt=json&_=1560673601468} status=0 QTime=2
2019-06-16 08:26:50.932 INFO  (qtp238816832-25) [   x:db_item] o.a.s.c.S.Request [db_item]  webapp=/solr path=/admin/system params={wt=json&_=1560673601468} status=0 QTime=98
2019-06-16 08:26:50.958 INFO  (qtp238816832-18) [   ] o.a.s.s.HttpSolrCall [admin] webapp=null path=/admin/info/system params={wt=json&_=1560673599460} status=0 QTime=114
2019-06-16 08:26:52.033 INFO  (qtp238816832-26) [   ] o.a.s.s.HttpSolrCall [admin] webapp=null path=/admin/cores params={indexInfo=false&wt=json&_=1560673599460} status=0 QTime=0
2019-06-16 08:26:52.036 INFO  (qtp238816832-24) [   x:db_item] o.a.s.c.S.Request [db_item]  webapp=/solr path=/admin/mbeans params={cat=QUERY&wt=json&_=1560673602619} status=0 QTime=0
2019-06-16 08:26:52.072 INFO  (qtp238816832-18) [   ] o.a.s.s.HttpSolrCall [admin] webapp=null path=/admin/info/system params={wt=json&_=1560673599460} status=0 QTime=38
2019-06-16 08:26:52.102 INFO  (qtp238816832-22) [   ] o.a.s.s.HttpSolrCall [admin] webapp=null path=/admin/cores params={indexInfo=false&wt=json&_=1560673599460} status=0 QTime=0
2019-06-16 08:26:52.102 INFO  (qtp238816832-23) [   x:db_item] o.a.s.c.S.Request [db_item]  webapp=/solr path=/admin/mbeans params={cat=QUERY&wt=json&_=1560673602619} status=0 QTime=0
2019-06-16 08:26:52.105 INFO  (qtp238816832-24) [   x:db_item] o.a.s.c.S.Request [db_item]  webapp=/solr path=/dataimport params={indent=on&wt=json&command=show-config&_=1560673602619} status=0 QTime=0
2019-06-16 08:26:52.141 INFO  (qtp238816832-18) [   ] o.a.s.s.HttpSolrCall [admin] webapp=null path=/admin/info/system params={wt=json&_=1560673599460} status=0 QTime=38
2019-06-16 08:26:52.144 INFO  (qtp238816832-26) [   x:db_item] o.a.s.c.S.Request [db_item]  webapp=/solr path=/dataimport params={indent=on&wt=json&command=status&_=1560673602619} status=0 QTime=0
2019-06-16 08:26:59.186 INFO  (qtp238816832-23) [   ] o.a.s.s.HttpSolrCall [admin] webapp=null path=/admin/cores params={indexInfo=false&wt=json&_=1560673599460} status=0 QTime=0
2019-06-16 08:26:59.223 INFO  (qtp238816832-18) [   ] o.a.s.s.HttpSolrCall [admin] webapp=null path=/admin/info/system params={wt=json&_=1560673599460} status=0 QTime=36
2019-06-16 08:27:00.409 INFO  (qtp238816832-24) [   x:db_item] o.a.s.c.S.Request [db_item]  webapp=/solr path=/select params={q=*:*&_=1560673619156} hits=16 status=0 QTime=8
2019-06-16 10:30:32.302 INFO  (Thread-1) [   ] o.e.j.s.AbstractConnector Stopped ServerConnector@14ef2482{HTTP/1.1,[http/1.1, h2c]}{0.0.0.0:8983}
2019-06-16 10:30:32.303 INFO  (Thread-1) [   ] o.e.j.s.session node0 Stopped scavenging
2019-06-16 10:30:32.308 INFO  (Thread-1) [   ] o.a.s.c.CoreContainer Shutting down CoreContainer instance=1870749311
2019-06-16 10:30:32.311 INFO  (coreCloseExecutor-15-thread-1) [   x:db_item] o.a.s.c.SolrCore [db_item]  CLOSING SolrCore org.apache.solr.core.SolrCore@16306de0
2019-06-16 10:30:32.311 INFO  (coreCloseExecutor-15-thread-1) [   x:db_item] o.a.s.m.SolrMetricManager Closing metric reporters for registry=solr.core.db_item, tag=16306de0
2019-06-16 10:30:32.313 INFO  (coreCloseExecutor-15-thread-1) [   x:db_item] o.a.s.m.r.SolrJmxReporter Closing reporter [org.apache.solr.metrics.reporters.SolrJmxReporter@334cb579: rootName = null, domain = solr.core.db_item, service url = null, agent id = null] for registry solr.core.db_item / com.codahale.metrics.MetricRegistry@56758688
2019-06-16 10:30:32.344 INFO  (Thread-1) [   ] o.a.s.m.SolrMetricManager Closing metric reporters for registry=solr.node, tag=null
2019-06-16 10:30:32.345 INFO  (Thread-1) [   ] o.a.s.m.r.SolrJmxReporter Closing reporter [org.apache.solr.metrics.reporters.SolrJmxReporter@7487b142: rootName = null, domain = solr.node, service url = null, agent id = null] for registry solr.node / com.codahale.metrics.MetricRegistry@100316ce
2019-06-16 10:30:32.347 INFO  (Thread-1) [   ] o.a.s.m.SolrMetricManager Closing metric reporters for registry=solr.jvm, tag=null
2019-06-16 10:30:32.347 INFO  (Thread-1) [   ] o.a.s.m.r.SolrJmxReporter Closing reporter [org.apache.solr.metrics.reporters.SolrJmxReporter@75fa1be3: rootName = null, domain = solr.jvm, service url = null, agent id = null] for registry solr.jvm / com.codahale.metrics.MetricRegistry@29c762db
2019-06-16 10:30:32.349 INFO  (Thread-1) [   ] o.a.s.m.SolrMetricManager Closing metric reporters for registry=solr.jetty, tag=null
2019-06-16 10:30:32.349 INFO  (Thread-1) [   ] o.a.s.m.r.SolrJmxReporter Closing reporter [org.apache.solr.metrics.reporters.SolrJmxReporter@7a389761: rootName = null, domain = solr.jetty, service url = null, agent id = null] for registry solr.jetty / com.codahale.metrics.MetricRegistry@15cba3d1
2019-06-16 10:30:32.359 INFO  (Thread-1) [   ] o.e.j.s.h.ContextHandler Stopped o.e.j.w.WebAppContext@340b9973{/solr,null,UNAVAILABLE}{D:\workspace\IntelliJ IDEA\solr-8.0.0\solr\server/solr-webapp/webapp}
